GROUP,PACKAGE,CLASS,INSTRUCTION_MISSED,INSTRUCTION_COVERED,BRANCH_MISSED,BRANCH_COVERED,LINE_MISSED,LINE_COVERED,COMPLEXITY_MISSED,COMPLEXITY_COVERED,METHOD_MISSED,METHOD_COVERED
homework1,default,Main,4,0,0,0,2,0,2,0,2,0
homework1,collections,ArrayList,0,275,1,19,0,62,1,29,0,20
homework1,collections,ArrayList.ArrayListIterator,5,34,1,3,0,5,1,4,0,3
homework1,collections,HashMap.Node,9,0,0,0,4,0,1,0,1,0
homework1,collections,HashMap,10,0,0,0,5,0,3,0,3,0
homework1,sort,QuickSort,0,152,0,12,0,34,0,13,0,7
