<?xml version="1.0" encoding="UTF-8"?>
<testsuite xmlns:xsi="http://www.w3.org/2001/XMLSchema-instance" xsi:noNamespaceSchemaLocation="https://maven.apache.org/surefire/maven-surefire-plugin/xsd/surefire-test-report-3.0.xsd" version="3.0" name="ArrayListTest" time="0.15" tests="33" errors="0" skipped="0" failures="0">
  <properties>
[...]
</properties>
  <testcase name="testContainsIsTrue" classname="ArrayListTest" time="0.048"/>
  <testcase name="testGetIndexExist" classname="ArrayListTest" time="0.001"/>
  <testcase name="TestConstructorWithoutParameter" classname="ArrayListTest" time="0.004"/>
  <testcase name="testAddNull" classname="ArrayListTest" time="0.003"/>
  <testcase name="testAdd" classname="ArrayListTest" time="0.002"/>
  <testcase name="testGet" classname="ArrayListTest" time="0.002"/>
  <testcase name="testClear" classname="ArrayListTest" time="0.001"/>
  <testcase name="testGetIndexElementIsNull" classname="ArrayListTest" time="0.002"/>
  <testcase name="testAddWithIndexLength" classname="ArrayListTest" time="0.001"/>
  <testcase name="testContainsNull" classname="ArrayListTest" time="0.001"/>
  <testcase name="testAddWithIndexZero" classname="ArrayListTest" time="0.001"/>
  <testcase name="testSetWithIndexIsGreaterLength" classname="ArrayListTest" time="0.005"/>
  <testcase name="testListIterator" classname="ArrayListTest" time="0.003"/>
  <testcase name="testRemoveByIndex" classname="ArrayListTest" time="0.001"/>
  <testcase name="testGetWithIndexIsEqualsLength" classname="ArrayListTest" time="0.001"/>
  <testcase name="testSetElementToNull" classname="ArrayListTest" time="0.001"/>
  <testcase name="testConstructorWithNegativeInitialCapacity" classname="ArrayListTest" time="0.001"/>
  <testcase name="testGetWithIndexIsNegative" classname="ArrayListTest" time="0.001"/>
  <testcase name="testSetMidElement" classname="ArrayListTest" time="0.002"/>
  <testcase name="testGetIndexNotExist" classname="ArrayListTest" time="0.001"/>
  <testcase name="testAddWithIndexMid" classname="ArrayListTest" time="0.0"/>
  <testcase name="testGetWithIndexIsGreaterLength" classname="ArrayListTest" time="0.001"/>
  <testcase name="testRemoveNull" classname="ArrayListTest" time="0.002"/>
  <testcase name="testSetFirstElement" classname="ArrayListTest" time="0.001"/>
  <testcase name="testSetLastElement" classname="ArrayListTest" time="0.001"/>
  <testcase name="testSetWithIndexIsNegative" classname="ArrayListTest" time="0.002"/>
  <testcase name="testAddWithIndexIsNegative" classname="ArrayListTest" time="0.003"/>
  <testcase name="testConstructorWithArray" classname="ArrayListTest" time="0.001"/>
  <testcase name="testRemoveByElement" classname="ArrayListTest" time="0.0"/>
  <testcase name="testConstructorWithInitialCapacity" classname="ArrayListTest" time="0.001"/>
  <testcase name="testConstructorWithArrayList" classname="ArrayListTest" time="0.001"/>
  <testcase name="testAddWithIndexIsGreaterLength" classname="ArrayListTest" time="0.001"/>
  <testcase name="testContainsIsFalse" classname="ArrayListTest" time="0.001"/>
</testsuite>